[2015-05-13 11:40:39] production.ERROR: exception 'PDOException' with message 'could not find driver' in D:\tmp\ourshow\vendor\laravel\framework\src\Illuminate\Database\Connectors\Connector.php:47
Stack trace:
#0 D:\tmp\ourshow\vendor\laravel\framework\src\Illuminate\Database\Connectors\Connector.php(47): PDO->__construct('mysql:host=loca...', 'root', '123456', Array)
#1 D:\tmp\ourshow\vendor\laravel\framework\src\Illuminate\Database\Connectors\MySqlConnector.php(20): Illuminate\Database\Connectors\Connector->createConnection('mysql:host=loca...', Array, Array)
#2 D:\tmp\ourshow\vendor\laravel\framework\src\Illuminate\Database\Connectors\ConnectionFactory.php(57): Illuminate\Database\Connectors\MySqlConnector->connect(Array)
#3 D:\tmp\ourshow\vendor\laravel\framework\src\Illuminate\Database\Connectors\ConnectionFactory.php(46): Illuminate\Database\Connectors\ConnectionFactory->createSingleConnection(Array)
#4 D:\tmp\ourshow\vendor\laravel\framework\src\Illuminate\Database\DatabaseManager.php(176): Illuminate\Database\Connectors\ConnectionFactory->make(Array, 'mysql')
#5 D:\tmp\ourshow\vendor\laravel\framework\src\Illuminate\Database\DatabaseManager.php(64): Illuminate\Database\DatabaseManager->makeConnection('mysql')
#6 D:\tmp\ourshow\vendor\laravel\framework\src\Illuminate\Support\Facades\Schema.php(26): Illuminate\Database\DatabaseManager->connection()
#7 D:\tmp\ourshow\vendor\laravel\framework\src\Illuminate\Support\Facades\Facade.php(116): Illuminate\Support\Facades\Schema::getFacadeAccessor()
#8 D:\tmp\ourshow\vendor\laravel\framework\src\Illuminate\Support\Facades\Facade.php(200): Illuminate\Support\Facades\Facade::getFacadeRoot()
#9 D:\tmp\ourshow\app\controllers\MainFrameController.php(98): Illuminate\Support\Facades\Facade::__callStatic('hasTable', Array)
#10 D:\tmp\ourshow\app\controllers\MainFrameController.php(98): Illuminate\Support\Facades\Schema::hasTable('tb_menus')
#11 D:\tmp\ourshow\app\routes.php(154): MainFrameController::getMenuidByRoute('/network/workmo...')
#12 [internal function]: {closure}(Object(Illuminate\Routing\Router))
#13 D:\tmp\ourshow\vendor\laravel\framework\src\Illuminate\Routing\Router.php(691): call_user_func(Object(Closure), Object(Illuminate\Routing\Router))
#14 D:\tmp\ourshow\vendor\laravel\framework\src\Illuminate\Support\Facades\Facade.php(211): Illuminate\Routing\Router->group(Array, Object(Closure))
#15 D:\tmp\ourshow\app\routes.php(1225): Illuminate\Support\Facades\Facade::__callStatic('group', Array)
#16 D:\tmp\ourshow\app\routes.php(1225): Illuminate\Support\Facades\Route::group(Array, Object(Closure))
#17 D:\tmp\ourshow\vendor\laravel\framework\src\Illuminate\Foundation\start.php(269): require('D:\\tmp\\ourshow\\...')
#18 [internal function]: {closure}(Object(Illuminate\Foundation\Application))
#19 D:\tmp\ourshow\vendor\laravel\framework\src\Illuminate\Foundation\Application.php(830): call_user_func(Object(Closure), Object(Illuminate\Foundation\Application))
#20 D:\tmp\ourshow\vendor\laravel\framework\src\Illuminate\Foundation\Application.php(604): Illuminate\Foundation\Application->fireAppCallbacks(Array)
#21 D:\tmp\ourshow\vendor\laravel\framework\src\Illuminate\Foundation\Application.php(587): Illuminate\Foundation\Application->bootApplication()
#22 D:\tmp\ourshow\vendor\laravel\framework\src\Illuminate\Console\Application.php(44): Illuminate\Foundation\Application->boot()
#23 D:\tmp\ourshow\vendor\laravel\framework\src\Illuminate\Console\Application.php(33): Illuminate\Console\Application::make(Object(Illuminate\Foundation\Application))
#24 D:\tmp\ourshow\artisan(46): Illuminate\Console\Application::start(Object(Illuminate\Foundation\Application))
#25 {main} [] []
[2015-05-13 11:40:39] production.ERROR: exception 'PDOException' with message 'could not find driver' in D:\tmp\ourshow\vendor\laravel\framework\src\Illuminate\Database\Connectors\Connector.php:47
Stack trace:
#0 D:\tmp\ourshow\vendor\laravel\framework\src\Illuminate\Database\Connectors\Connector.php(47): PDO->__construct('mysql:host=loca...', 'root', '123456', Array)
#1 D:\tmp\ourshow\vendor\laravel\framework\src\Illuminate\Database\Connectors\MySqlConnector.php(20): Illuminate\Database\Connectors\Connector->createConnection('mysql:host=loca...', Array, Array)
#2 D:\tmp\ourshow\vendor\laravel\framework\src\Illuminate\Database\Connectors\ConnectionFactory.php(57): Illuminate\Database\Connectors\MySqlConnector->connect(Array)
#3 D:\tmp\ourshow\vendor\laravel\framework\src\Illuminate\Database\Connectors\ConnectionFactory.php(46): Illuminate\Database\Connectors\ConnectionFactory->createSingleConnection(Array)
#4 D:\tmp\ourshow\vendor\laravel\framework\src\Illuminate\Database\DatabaseManager.php(176): Illuminate\Database\Connectors\ConnectionFactory->make(Array, 'mysql')
#5 D:\tmp\ourshow\vendor\laravel\framework\src\Illuminate\Database\DatabaseManager.php(64): Illuminate\Database\DatabaseManager->makeConnection('mysql')
#6 D:\tmp\ourshow\vendor\laravel\framework\src\Illuminate\Support\Facades\Schema.php(26): Illuminate\Database\DatabaseManager->connection()
#7 D:\tmp\ourshow\vendor\laravel\framework\src\Illuminate\Support\Facades\Facade.php(116): Illuminate\Support\Facades\Schema::getFacadeAccessor()
#8 D:\tmp\ourshow\vendor\laravel\framework\src\Illuminate\Support\Facades\Facade.php(200): Illuminate\Support\Facades\Facade::getFacadeRoot()
#9 D:\tmp\ourshow\app\controllers\MainFrameController.php(98): Illuminate\Support\Facades\Facade::__callStatic('hasTable', Array)
#10 D:\tmp\ourshow\app\controllers\MainFrameController.php(98): Illuminate\Support\Facades\Schema::hasTable('tb_menus')
#11 D:\tmp\ourshow\app\routes.php(154): MainFrameController::getMenuidByRoute('/network/workmo...')
#12 [internal function]: {closure}(Object(Illuminate\Routing\Router))
#13 D:\tmp\ourshow\vendor\laravel\framework\src\Illuminate\Routing\Router.php(691): call_user_func(Object(Closure), Object(Illuminate\Routing\Router))
#14 D:\tmp\ourshow\vendor\laravel\framework\src\Illuminate\Support\Facades\Facade.php(211): Illuminate\Routing\Router->group(Array, Object(Closure))
#15 D:\tmp\ourshow\app\routes.php(1225): Illuminate\Support\Facades\Facade::__callStatic('group', Array)
#16 D:\tmp\ourshow\app\routes.php(1225): Illuminate\Support\Facades\Route::group(Array, Object(Closure))
#17 D:\tmp\ourshow\vendor\laravel\framework\src\Illuminate\Foundation\start.php(269): require('D:\\tmp\\ourshow\\...')
#18 [internal function]: {closure}(Object(Illuminate\Foundation\Application))
#19 D:\tmp\ourshow\vendor\laravel\framework\src\Illuminate\Foundation\Application.php(830): call_user_func(Object(Closure), Object(Illuminate\Foundation\Application))
#20 D:\tmp\ourshow\vendor\laravel\framework\src\Illuminate\Foundation\Application.php(604): Illuminate\Foundation\Application->fireAppCallbacks(Array)
#21 D:\tmp\ourshow\vendor\laravel\framework\src\Illuminate\Foundation\Application.php(587): Illuminate\Foundation\Application->bootApplication()
#22 D:\tmp\ourshow\vendor\laravel\framework\src\Illuminate\Console\Application.php(44): Illuminate\Foundation\Application->boot()
#23 D:\tmp\ourshow\vendor\laravel\framework\src\Illuminate\Console\Application.php(33): Illuminate\Console\Application::make(Object(Illuminate\Foundation\Application))
#24 D:\tmp\ourshow\artisan(46): Illuminate\Console\Application::start(Object(Illuminate\Foundation\Application))
#25 {main} [] []
[2015-05-13 11:42:37] production.ERROR: exception 'PDOException' with message 'SQLSTATE[HY000] [1045] Accès refusé pour l'utilisateur: 'root'@'@localhost' (mot de passe: OUI)' in D:\tmp\ourshow\vendor\laravel\framework\src\Illuminate\Database\Connectors\Connector.php:47
Stack trace:
#0 D:\tmp\ourshow\vendor\laravel\framework\src\Illuminate\Database\Connectors\Connector.php(47): PDO->__construct('mysql:host=loca...', 'root', '123456', Array)
#1 D:\tmp\ourshow\vendor\laravel\framework\src\Illuminate\Database\Connectors\MySqlConnector.php(20): Illuminate\Database\Connectors\Connector->createConnection('mysql:host=loca...', Array, Array)
#2 D:\tmp\ourshow\vendor\laravel\framework\src\Illuminate\Database\Connectors\ConnectionFactory.php(57): Illuminate\Database\Connectors\MySqlConnector->connect(Array)
#3 D:\tmp\ourshow\vendor\laravel\framework\src\Illuminate\Database\Connectors\ConnectionFactory.php(46): Illuminate\Database\Connectors\ConnectionFactory->createSingleConnection(Array)
#4 D:\tmp\ourshow\vendor\laravel\framework\src\Illuminate\Database\DatabaseManager.php(176): Illuminate\Database\Connectors\ConnectionFactory->make(Array, 'mysql')
#5 D:\tmp\ourshow\vendor\laravel\framework\src\Illuminate\Database\DatabaseManager.php(64): Illuminate\Database\DatabaseManager->makeConnection('mysql')
#6 D:\tmp\ourshow\vendor\laravel\framework\src\Illuminate\Support\Facades\Schema.php(26): Illuminate\Database\DatabaseManager->connection()
#7 D:\tmp\ourshow\vendor\laravel\framework\src\Illuminate\Support\Facades\Facade.php(116): Illuminate\Support\Facades\Schema::getFacadeAccessor()
#8 D:\tmp\ourshow\vendor\laravel\framework\src\Illuminate\Support\Facades\Facade.php(200): Illuminate\Support\Facades\Facade::getFacadeRoot()
#9 D:\tmp\ourshow\app\controllers\MainFrameController.php(98): Illuminate\Support\Facades\Facade::__callStatic('hasTable', Array)
#10 D:\tmp\ourshow\app\controllers\MainFrameController.php(98): Illuminate\Support\Facades\Schema::hasTable('tb_menus')
#11 D:\tmp\ourshow\app\routes.php(154): MainFrameController::getMenuidByRoute('/network/workmo...')
#12 [internal function]: {closure}(Object(Illuminate\Routing\Router))
#13 D:\tmp\ourshow\vendor\laravel\framework\src\Illuminate\Routing\Router.php(691): call_user_func(Object(Closure), Object(Illuminate\Routing\Router))
#14 D:\tmp\ourshow\vendor\laravel\framework\src\Illuminate\Support\Facades\Facade.php(211): Illuminate\Routing\Router->group(Array, Object(Closure))
#15 D:\tmp\ourshow\app\routes.php(1225): Illuminate\Support\Facades\Facade::__callStatic('group', Array)
#16 D:\tmp\ourshow\app\routes.php(1225): Illuminate\Support\Facades\Route::group(Array, Object(Closure))
#17 D:\tmp\ourshow\vendor\laravel\framework\src\Illuminate\Foundation\start.php(269): require('D:\\tmp\\ourshow\\...')
#18 [internal function]: {closure}(Object(Illuminate\Foundation\Application))
#19 D:\tmp\ourshow\vendor\laravel\framework\src\Illuminate\Foundation\Application.php(830): call_user_func(Object(Closure), Object(Illuminate\Foundation\Application))
#20 D:\tmp\ourshow\vendor\laravel\framework\src\Illuminate\Foundation\Application.php(604): Illuminate\Foundation\Application->fireAppCallbacks(Array)
#21 D:\tmp\ourshow\vendor\laravel\framework\src\Illuminate\Foundation\Application.php(587): Illuminate\Foundation\Application->bootApplication()
#22 D:\tmp\ourshow\vendor\laravel\framework\src\Illuminate\Foundation\Application.php(743): Illuminate\Foundation\Application->boot()
#23 D:\tmp\ourshow\vendor\laravel\framework\src\Illuminate\Session\Middleware.php(72): Illuminate\Foundation\Application->handle(Object(Illuminate\Http\Request), 1, true)
#24 D:\tmp\ourshow\vendor\laravel\framework\src\Illuminate\Cookie\Queue.php(47): Illuminate\Session\Middleware->handle(Object(Illuminate\Http\Request), 1, true)
#25 D:\tmp\ourshow\vendor\laravel\framework\src\Illuminate\Cookie\Guard.php(51): Illuminate\Cookie\Queue->handle(Object(Illuminate\Http\Request), 1, true)
#26 D:\tmp\ourshow\vendor\stack\builder\src\Stack\StackedHttpKernel.php(23): Illuminate\Cookie\Guard->handle(Object(Illuminate\Http\Request), 1, true)
#27 D:\tmp\ourshow\vendor\laravel\framework\src\Illuminate\Foundation\Application.php(641): Stack\StackedHttpKernel->handle(Object(Illuminate\Http\Request))
#28 D:\tmp\ourshow\public\index.php(49): Illuminate\Foundation\Application->run()
#29 {main} [] []
[2015-05-13 11:42:38] production.ERROR: exception 'PDOException' with message 'SQLSTATE[HY000] [1045] Accès refusé pour l'utilisateur: 'root'@'@localhost' (mot de passe: OUI)' in D:\tmp\ourshow\vendor\laravel\framework\src\Illuminate\Database\Connectors\Connector.php:47
Stack trace:
#0 D:\tmp\ourshow\vendor\laravel\framework\src\Illuminate\Database\Connectors\Connector.php(47): PDO->__construct('mysql:host=loca...', 'root', '123456', Array)
#1 D:\tmp\ourshow\vendor\laravel\framework\src\Illuminate\Database\Connectors\MySqlConnector.php(20): Illuminate\Database\Connectors\Connector->createConnection('mysql:host=loca...', Array, Array)
#2 D:\tmp\ourshow\vendor\laravel\framework\src\Illuminate\Database\Connectors\ConnectionFactory.php(57): Illuminate\Database\Connectors\MySqlConnector->connect(Array)
#3 D:\tmp\ourshow\vendor\laravel\framework\src\Illuminate\Database\Connectors\ConnectionFactory.php(46): Illuminate\Database\Connectors\ConnectionFactory->createSingleConnection(Array)
#4 D:\tmp\ourshow\vendor\laravel\framework\src\Illuminate\Database\DatabaseManager.php(176): Illuminate\Database\Connectors\ConnectionFactory->make(Array, 'mysql')
#5 D:\tmp\ourshow\vendor\laravel\framework\src\Illuminate\Database\DatabaseManager.php(64): Illuminate\Database\DatabaseManager->makeConnection('mysql')
#6 D:\tmp\ourshow\vendor\laravel\framework\src\Illuminate\Support\Facades\Schema.php(26): Illuminate\Database\DatabaseManager->connection()
#7 D:\tmp\ourshow\vendor\laravel\framework\src\Illuminate\Support\Facades\Facade.php(116): Illuminate\Support\Facades\Schema::getFacadeAccessor()
#8 D:\tmp\ourshow\vendor\laravel\framework\src\Illuminate\Support\Facades\Facade.php(200): Illuminate\Support\Facades\Facade::getFacadeRoot()
#9 D:\tmp\ourshow\app\controllers\MainFrameController.php(98): Illuminate\Support\Facades\Facade::__callStatic('hasTable', Array)
#10 D:\tmp\ourshow\app\controllers\MainFrameController.php(98): Illuminate\Support\Facades\Schema::hasTable('tb_menus')
#11 D:\tmp\ourshow\app\routes.php(154): MainFrameController::getMenuidByRoute('/network/workmo...')
#12 [internal function]: {closure}(Object(Illuminate\Routing\Router))
#13 D:\tmp\ourshow\vendor\laravel\framework\src\Illuminate\Routing\Router.php(691): call_user_func(Object(Closure), Object(Illuminate\Routing\Router))
#14 D:\tmp\ourshow\vendor\laravel\framework\src\Illuminate\Support\Facades\Facade.php(211): Illuminate\Routing\Router->group(Array, Object(Closure))
#15 D:\tmp\ourshow\app\routes.php(1225): Illuminate\Support\Facades\Facade::__callStatic('group', Array)
#16 D:\tmp\ourshow\app\routes.php(1225): Illuminate\Support\Facades\Route::group(Array, Object(Closure))
#17 D:\tmp\ourshow\vendor\laravel\framework\src\Illuminate\Foundation\start.php(269): require('D:\\tmp\\ourshow\\...')
#18 [internal function]: {closure}(Object(Illuminate\Foundation\Application))
#19 D:\tmp\ourshow\vendor\laravel\framework\src\Illuminate\Foundation\Application.php(830): call_user_func(Object(Closure), Object(Illuminate\Foundation\Application))
#20 D:\tmp\ourshow\vendor\laravel\framework\src\Illuminate\Foundation\Application.php(604): Illuminate\Foundation\Application->fireAppCallbacks(Array)
#21 D:\tmp\ourshow\vendor\laravel\framework\src\Illuminate\Foundation\Application.php(587): Illuminate\Foundation\Application->bootApplication()
#22 D:\tmp\ourshow\vendor\laravel\framework\src\Illuminate\Foundation\Application.php(743): Illuminate\Foundation\Application->boot()
#23 D:\tmp\ourshow\vendor\laravel\framework\src\Illuminate\Session\Middleware.php(72): Illuminate\Foundation\Application->handle(Object(Illuminate\Http\Request), 1, true)
#24 D:\tmp\ourshow\vendor\laravel\framework\src\Illuminate\Cookie\Queue.php(47): Illuminate\Session\Middleware->handle(Object(Illuminate\Http\Request), 1, true)
#25 D:\tmp\ourshow\vendor\laravel\framework\src\Illuminate\Cookie\Guard.php(51): Illuminate\Cookie\Queue->handle(Object(Illuminate\Http\Request), 1, true)
#26 D:\tmp\ourshow\vendor\stack\builder\src\Stack\StackedHttpKernel.php(23): Illuminate\Cookie\Guard->handle(Object(Illuminate\Http\Request), 1, true)
#27 D:\tmp\ourshow\vendor\laravel\framework\src\Illuminate\Foundation\Application.php(641): Stack\StackedHttpKernel->handle(Object(Illuminate\Http\Request))
#28 D:\tmp\ourshow\public\index.php(49): Illuminate\Foundation\Application->run()
#29 {main} [] []
[2015-05-13 11:43:34] production.ERROR: exception 'PDOException' with message 'could not find driver' in D:\tmp\ourshow\vendor\laravel\framework\src\Illuminate\Database\Connectors\Connector.php:47
Stack trace:
#0 D:\tmp\ourshow\vendor\laravel\framework\src\Illuminate\Database\Connectors\Connector.php(47): PDO->__construct('mysql:host=loca...', 'root', '', Array)
#1 D:\tmp\ourshow\vendor\laravel\framework\src\Illuminate\Database\Connectors\MySqlConnector.php(20): Illuminate\Database\Connectors\Connector->createConnection('mysql:host=loca...', Array, Array)
#2 D:\tmp\ourshow\vendor\laravel\framework\src\Illuminate\Database\Connectors\ConnectionFactory.php(57): Illuminate\Database\Connectors\MySqlConnector->connect(Array)
#3 D:\tmp\ourshow\vendor\laravel\framework\src\Illuminate\Database\Connectors\ConnectionFactory.php(46): Illuminate\Database\Connectors\ConnectionFactory->createSingleConnection(Array)
#4 D:\tmp\ourshow\vendor\laravel\framework\src\Illuminate\Database\DatabaseManager.php(176): Illuminate\Database\Connectors\ConnectionFactory->make(Array, 'mysql')
#5 D:\tmp\ourshow\vendor\laravel\framework\src\Illuminate\Database\DatabaseManager.php(64): Illuminate\Database\DatabaseManager->makeConnection('mysql')
#6 D:\tmp\ourshow\vendor\laravel\framework\src\Illuminate\Support\Facades\Schema.php(26): Illuminate\Database\DatabaseManager->connection()
#7 D:\tmp\ourshow\vendor\laravel\framework\src\Illuminate\Support\Facades\Facade.php(116): Illuminate\Support\Facades\Schema::getFacadeAccessor()
#8 D:\tmp\ourshow\vendor\laravel\framework\src\Illuminate\Support\Facades\Facade.php(200): Illuminate\Support\Facades\Facade::getFacadeRoot()
#9 D:\tmp\ourshow\app\controllers\MainFrameController.php(98): Illuminate\Support\Facades\Facade::__callStatic('hasTable', Array)
#10 D:\tmp\ourshow\app\controllers\MainFrameController.php(98): Illuminate\Support\Facades\Schema::hasTable('tb_menus')
#11 D:\tmp\ourshow\app\routes.php(154): MainFrameController::getMenuidByRoute('/network/workmo...')
#12 [internal function]: {closure}(Object(Illuminate\Routing\Router))
#13 D:\tmp\ourshow\vendor\laravel\framework\src\Illuminate\Routing\Router.php(691): call_user_func(Object(Closure), Object(Illuminate\Routing\Router))
#14 D:\tmp\ourshow\vendor\laravel\framework\src\Illuminate\Support\Facades\Facade.php(211): Illuminate\Routing\Router->group(Array, Object(Closure))
#15 D:\tmp\ourshow\app\routes.php(1225): Illuminate\Support\Facades\Facade::__callStatic('group', Array)
#16 D:\tmp\ourshow\app\routes.php(1225): Illuminate\Support\Facades\Route::group(Array, Object(Closure))
#17 D:\tmp\ourshow\vendor\laravel\framework\src\Illuminate\Foundation\start.php(269): require('D:\\tmp\\ourshow\\...')
#18 [internal function]: {closure}(Object(Illuminate\Foundation\Application))
#19 D:\tmp\ourshow\vendor\laravel\framework\src\Illuminate\Foundation\Application.php(830): call_user_func(Object(Closure), Object(Illuminate\Foundation\Application))
#20 D:\tmp\ourshow\vendor\laravel\framework\src\Illuminate\Foundation\Application.php(604): Illuminate\Foundation\Application->fireAppCallbacks(Array)
#21 D:\tmp\ourshow\vendor\laravel\framework\src\Illuminate\Foundation\Application.php(587): Illuminate\Foundation\Application->bootApplication()
#22 D:\tmp\ourshow\vendor\laravel\framework\src\Illuminate\Console\Application.php(44): Illuminate\Foundation\Application->boot()
#23 D:\tmp\ourshow\vendor\laravel\framework\src\Illuminate\Console\Application.php(33): Illuminate\Console\Application::make(Object(Illuminate\Foundation\Application))
#24 D:\tmp\ourshow\artisan(46): Illuminate\Console\Application::start(Object(Illuminate\Foundation\Application))
#25 {main} [] []
[2015-05-13 11:43:34] production.ERROR: exception 'PDOException' with message 'could not find driver' in D:\tmp\ourshow\vendor\laravel\framework\src\Illuminate\Database\Connectors\Connector.php:47
Stack trace:
#0 D:\tmp\ourshow\vendor\laravel\framework\src\Illuminate\Database\Connectors\Connector.php(47): PDO->__construct('mysql:host=loca...', 'root', '', Array)
#1 D:\tmp\ourshow\vendor\laravel\framework\src\Illuminate\Database\Connectors\MySqlConnector.php(20): Illuminate\Database\Connectors\Connector->createConnection('mysql:host=loca...', Array, Array)
#2 D:\tmp\ourshow\vendor\laravel\framework\src\Illuminate\Database\Connectors\ConnectionFactory.php(57): Illuminate\Database\Connectors\MySqlConnector->connect(Array)
#3 D:\tmp\ourshow\vendor\laravel\framework\src\Illuminate\Database\Connectors\ConnectionFactory.php(46): Illuminate\Database\Connectors\ConnectionFactory->createSingleConnection(Array)
#4 D:\tmp\ourshow\vendor\laravel\framework\src\Illuminate\Database\DatabaseManager.php(176): Illuminate\Database\Connectors\ConnectionFactory->make(Array, 'mysql')
#5 D:\tmp\ourshow\vendor\laravel\framework\src\Illuminate\Database\DatabaseManager.php(64): Illuminate\Database\DatabaseManager->makeConnection('mysql')
#6 D:\tmp\ourshow\vendor\laravel\framework\src\Illuminate\Support\Facades\Schema.php(26): Illuminate\Database\DatabaseManager->connection()
#7 D:\tmp\ourshow\vendor\laravel\framework\src\Illuminate\Support\Facades\Facade.php(116): Illuminate\Support\Facades\Schema::getFacadeAccessor()
#8 D:\tmp\ourshow\vendor\laravel\framework\src\Illuminate\Support\Facades\Facade.php(200): Illuminate\Support\Facades\Facade::getFacadeRoot()
#9 D:\tmp\ourshow\app\controllers\MainFrameController.php(98): Illuminate\Support\Facades\Facade::__callStatic('hasTable', Array)
#10 D:\tmp\ourshow\app\controllers\MainFrameController.php(98): Illuminate\Support\Facades\Schema::hasTable('tb_menus')
#11 D:\tmp\ourshow\app\routes.php(154): MainFrameController::getMenuidByRoute('/network/workmo...')
#12 [internal function]: {closure}(Object(Illuminate\Routing\Router))
#13 D:\tmp\ourshow\vendor\laravel\framework\src\Illuminate\Routing\Router.php(691): call_user_func(Object(Closure), Object(Illuminate\Routing\Router))
#14 D:\tmp\ourshow\vendor\laravel\framework\src\Illuminate\Support\Facades\Facade.php(211): Illuminate\Routing\Router->group(Array, Object(Closure))
#15 D:\tmp\ourshow\app\routes.php(1225): Illuminate\Support\Facades\Facade::__callStatic('group', Array)
#16 D:\tmp\ourshow\app\routes.php(1225): Illuminate\Support\Facades\Route::group(Array, Object(Closure))
#17 D:\tmp\ourshow\vendor\laravel\framework\src\Illuminate\Foundation\start.php(269): require('D:\\tmp\\ourshow\\...')
#18 [internal function]: {closure}(Object(Illuminate\Foundation\Application))
#19 D:\tmp\ourshow\vendor\laravel\framework\src\Illuminate\Foundation\Application.php(830): call_user_func(Object(Closure), Object(Illuminate\Foundation\Application))
#20 D:\tmp\ourshow\vendor\laravel\framework\src\Illuminate\Foundation\Application.php(604): Illuminate\Foundation\Application->fireAppCallbacks(Array)
#21 D:\tmp\ourshow\vendor\laravel\framework\src\Illuminate\Foundation\Application.php(587): Illuminate\Foundation\Application->bootApplication()
#22 D:\tmp\ourshow\vendor\laravel\framework\src\Illuminate\Console\Application.php(44): Illuminate\Foundation\Application->boot()
#23 D:\tmp\ourshow\vendor\laravel\framework\src\Illuminate\Console\Application.php(33): Illuminate\Console\Application::make(Object(Illuminate\Foundation\Application))
#24 D:\tmp\ourshow\artisan(46): Illuminate\Console\Application::start(Object(Illuminate\Foundation\Application))
#25 {main} [] []
[2015-05-13 11:44:29] production.ERROR: exception 'PDOException' with message 'could not find driver' in D:\tmp\ourshow\vendor\laravel\framework\src\Illuminate\Database\Connectors\Connector.php:47
Stack trace:
#0 D:\tmp\ourshow\vendor\laravel\framework\src\Illuminate\Database\Connectors\Connector.php(47): PDO->__construct('mysql:host=loca...', 'root', '', Array)
#1 D:\tmp\ourshow\vendor\laravel\framework\src\Illuminate\Database\Connectors\MySqlConnector.php(20): Illuminate\Database\Connectors\Connector->createConnection('mysql:host=loca...', Array, Array)
#2 D:\tmp\ourshow\vendor\laravel\framework\src\Illuminate\Database\Connectors\ConnectionFactory.php(57): Illuminate\Database\Connectors\MySqlConnector->connect(Array)
#3 D:\tmp\ourshow\vendor\laravel\framework\src\Illuminate\Database\Connectors\ConnectionFactory.php(46): Illuminate\Database\Connectors\ConnectionFactory->createSingleConnection(Array)
#4 D:\tmp\ourshow\vendor\laravel\framework\src\Illuminate\Database\DatabaseManager.php(176): Illuminate\Database\Connectors\ConnectionFactory->make(Array, 'mysql')
#5 D:\tmp\ourshow\vendor\laravel\framework\src\Illuminate\Database\DatabaseManager.php(64): Illuminate\Database\DatabaseManager->makeConnection('mysql')
#6 D:\tmp\ourshow\vendor\laravel\framework\src\Illuminate\Support\Facades\Schema.php(26): Illuminate\Database\DatabaseManager->connection()
#7 D:\tmp\ourshow\vendor\laravel\framework\src\Illuminate\Support\Facades\Facade.php(116): Illuminate\Support\Facades\Schema::getFacadeAccessor()
#8 D:\tmp\ourshow\vendor\laravel\framework\src\Illuminate\Support\Facades\Facade.php(200): Illuminate\Support\Facades\Facade::getFacadeRoot()
#9 D:\tmp\ourshow\app\controllers\MainFrameController.php(98): Illuminate\Support\Facades\Facade::__callStatic('hasTable', Array)
#10 D:\tmp\ourshow\app\controllers\MainFrameController.php(98): Illuminate\Support\Facades\Schema::hasTable('tb_menus')
#11 D:\tmp\ourshow\app\routes.php(154): MainFrameController::getMenuidByRoute('/network/workmo...')
#12 [internal function]: {closure}(Object(Illuminate\Routing\Router))
#13 D:\tmp\ourshow\vendor\laravel\framework\src\Illuminate\Routing\Router.php(691): call_user_func(Object(Closure), Object(Illuminate\Routing\Router))
#14 D:\tmp\ourshow\vendor\laravel\framework\src\Illuminate\Support\Facades\Facade.php(211): Illuminate\Routing\Router->group(Array, Object(Closure))
#15 D:\tmp\ourshow\app\routes.php(1225): Illuminate\Support\Facades\Facade::__callStatic('group', Array)
#16 D:\tmp\ourshow\app\routes.php(1225): Illuminate\Support\Facades\Route::group(Array, Object(Closure))
#17 D:\tmp\ourshow\vendor\laravel\framework\src\Illuminate\Foundation\start.php(269): require('D:\\tmp\\ourshow\\...')
#18 [internal function]: {closure}(Object(Illuminate\Foundation\Application))
#19 D:\tmp\ourshow\vendor\laravel\framework\src\Illuminate\Foundation\Application.php(830): call_user_func(Object(Closure), Object(Illuminate\Foundation\Application))
#20 D:\tmp\ourshow\vendor\laravel\framework\src\Illuminate\Foundation\Application.php(604): Illuminate\Foundation\Application->fireAppCallbacks(Array)
#21 D:\tmp\ourshow\vendor\laravel\framework\src\Illuminate\Foundation\Application.php(587): Illuminate\Foundation\Application->bootApplication()
#22 D:\tmp\ourshow\vendor\laravel\framework\src\Illuminate\Console\Application.php(44): Illuminate\Foundation\Application->boot()
#23 D:\tmp\ourshow\vendor\laravel\framework\src\Illuminate\Console\Application.php(33): Illuminate\Console\Application::make(Object(Illuminate\Foundation\Application))
#24 D:\tmp\ourshow\artisan(46): Illuminate\Console\Application::start(Object(Illuminate\Foundation\Application))
#25 {main} [] []
[2015-05-13 11:44:29] production.ERROR: exception 'PDOException' with message 'could not find driver' in D:\tmp\ourshow\vendor\laravel\framework\src\Illuminate\Database\Connectors\Connector.php:47
Stack trace:
#0 D:\tmp\ourshow\vendor\laravel\framework\src\Illuminate\Database\Connectors\Connector.php(47): PDO->__construct('mysql:host=loca...', 'root', '', Array)
#1 D:\tmp\ourshow\vendor\laravel\framework\src\Illuminate\Database\Connectors\MySqlConnector.php(20): Illuminate\Database\Connectors\Connector->createConnection('mysql:host=loca...', Array, Array)
#2 D:\tmp\ourshow\vendor\laravel\framework\src\Illuminate\Database\Connectors\ConnectionFactory.php(57): Illuminate\Database\Connectors\MySqlConnector->connect(Array)
#3 D:\tmp\ourshow\vendor\laravel\framework\src\Illuminate\Database\Connectors\ConnectionFactory.php(46): Illuminate\Database\Connectors\ConnectionFactory->createSingleConnection(Array)
#4 D:\tmp\ourshow\vendor\laravel\framework\src\Illuminate\Database\DatabaseManager.php(176): Illuminate\Database\Connectors\ConnectionFactory->make(Array, 'mysql')
#5 D:\tmp\ourshow\vendor\laravel\framework\src\Illuminate\Database\DatabaseManager.php(64): Illuminate\Database\DatabaseManager->makeConnection('mysql')
#6 D:\tmp\ourshow\vendor\laravel\framework\src\Illuminate\Support\Facades\Schema.php(26): Illuminate\Database\DatabaseManager->connection()
#7 D:\tmp\ourshow\vendor\laravel\framework\src\Illuminate\Support\Facades\Facade.php(116): Illuminate\Support\Facades\Schema::getFacadeAccessor()
#8 D:\tmp\ourshow\vendor\laravel\framework\src\Illuminate\Support\Facades\Facade.php(200): Illuminate\Support\Facades\Facade::getFacadeRoot()
#9 D:\tmp\ourshow\app\controllers\MainFrameController.php(98): Illuminate\Support\Facades\Facade::__callStatic('hasTable', Array)
#10 D:\tmp\ourshow\app\controllers\MainFrameController.php(98): Illuminate\Support\Facades\Schema::hasTable('tb_menus')
#11 D:\tmp\ourshow\app\routes.php(154): MainFrameController::getMenuidByRoute('/network/workmo...')
#12 [internal function]: {closure}(Object(Illuminate\Routing\Router))
#13 D:\tmp\ourshow\vendor\laravel\framework\src\Illuminate\Routing\Router.php(691): call_user_func(Object(Closure), Object(Illuminate\Routing\Router))
#14 D:\tmp\ourshow\vendor\laravel\framework\src\Illuminate\Support\Facades\Facade.php(211): Illuminate\Routing\Router->group(Array, Object(Closure))
#15 D:\tmp\ourshow\app\routes.php(1225): Illuminate\Support\Facades\Facade::__callStatic('group', Array)
#16 D:\tmp\ourshow\app\routes.php(1225): Illuminate\Support\Facades\Route::group(Array, Object(Closure))
#17 D:\tmp\ourshow\vendor\laravel\framework\src\Illuminate\Foundation\start.php(269): require('D:\\tmp\\ourshow\\...')
#18 [internal function]: {closure}(Object(Illuminate\Foundation\Application))
#19 D:\tmp\ourshow\vendor\laravel\framework\src\Illuminate\Foundation\Application.php(830): call_user_func(Object(Closure), Object(Illuminate\Foundation\Application))
#20 D:\tmp\ourshow\vendor\laravel\framework\src\Illuminate\Foundation\Application.php(604): Illuminate\Foundation\Application->fireAppCallbacks(Array)
#21 D:\tmp\ourshow\vendor\laravel\framework\src\Illuminate\Foundation\Application.php(587): Illuminate\Foundation\Application->bootApplication()
#22 D:\tmp\ourshow\vendor\laravel\framework\src\Illuminate\Console\Application.php(44): Illuminate\Foundation\Application->boot()
#23 D:\tmp\ourshow\vendor\laravel\framework\src\Illuminate\Console\Application.php(33): Illuminate\Console\Application::make(Object(Illuminate\Foundation\Application))
#24 D:\tmp\ourshow\artisan(46): Illuminate\Console\Application::start(Object(Illuminate\Foundation\Application))
#25 {main} [] []
[2015-05-13 11:44:58] production.ERROR: exception 'PDOException' with message 'could not find driver' in D:\tmp\ourshow\vendor\laravel\framework\src\Illuminate\Database\Connectors\Connector.php:47
Stack trace:
#0 D:\tmp\ourshow\vendor\laravel\framework\src\Illuminate\Database\Connectors\Connector.php(47): PDO->__construct('mysql:host=127....', 'root', '', Array)
#1 D:\tmp\ourshow\vendor\laravel\framework\src\Illuminate\Database\Connectors\MySqlConnector.php(20): Illuminate\Database\Connectors\Connector->createConnection('mysql:host=127....', Array, Array)
#2 D:\tmp\ourshow\vendor\laravel\framework\src\Illuminate\Database\Connectors\ConnectionFactory.php(57): Illuminate\Database\Connectors\MySqlConnector->connect(Array)
#3 D:\tmp\ourshow\vendor\laravel\framework\src\Illuminate\Database\Connectors\ConnectionFactory.php(46): Illuminate\Database\Connectors\ConnectionFactory->createSingleConnection(Array)
#4 D:\tmp\ourshow\vendor\laravel\framework\src\Illuminate\Database\DatabaseManager.php(176): Illuminate\Database\Connectors\ConnectionFactory->make(Array, 'mysql')
#5 D:\tmp\ourshow\vendor\laravel\framework\src\Illuminate\Database\DatabaseManager.php(64): Illuminate\Database\DatabaseManager->makeConnection('mysql')
#6 D:\tmp\ourshow\vendor\laravel\framework\src\Illuminate\Support\Facades\Schema.php(26): Illuminate\Database\DatabaseManager->connection()
#7 D:\tmp\ourshow\vendor\laravel\framework\src\Illuminate\Support\Facades\Facade.php(116): Illuminate\Support\Facades\Schema::getFacadeAccessor()
#8 D:\tmp\ourshow\vendor\laravel\framework\src\Illuminate\Support\Facades\Facade.php(200): Illuminate\Support\Facades\Facade::getFacadeRoot()
#9 D:\tmp\ourshow\app\controllers\MainFrameController.php(98): Illuminate\Support\Facades\Facade::__callStatic('hasTable', Array)
#10 D:\tmp\ourshow\app\controllers\MainFrameController.php(98): Illuminate\Support\Facades\Schema::hasTable('tb_menus')
#11 D:\tmp\ourshow\app\routes.php(154): MainFrameController::getMenuidByRoute('/network/workmo...')
#12 [internal function]: {closure}(Object(Illuminate\Routing\Router))
#13 D:\tmp\ourshow\vendor\laravel\framework\src\Illuminate\Routing\Router.php(691): call_user_func(Object(Closure), Object(Illuminate\Routing\Router))
#14 D:\tmp\ourshow\vendor\laravel\framework\src\Illuminate\Support\Facades\Facade.php(211): Illuminate\Routing\Router->group(Array, Object(Closure))
#15 D:\tmp\ourshow\app\routes.php(1225): Illuminate\Support\Facades\Facade::__callStatic('group', Array)
#16 D:\tmp\ourshow\app\routes.php(1225): Illuminate\Support\Facades\Route::group(Array, Object(Closure))
#17 D:\tmp\ourshow\vendor\laravel\framework\src\Illuminate\Foundation\start.php(269): require('D:\\tmp\\ourshow\\...')
#18 [internal function]: {closure}(Object(Illuminate\Foundation\Application))
#19 D:\tmp\ourshow\vendor\laravel\framework\src\Illuminate\Foundation\Application.php(830): call_user_func(Object(Closure), Object(Illuminate\Foundation\Application))
#20 D:\tmp\ourshow\vendor\laravel\framework\src\Illuminate\Foundation\Application.php(604): Illuminate\Foundation\Application->fireAppCallbacks(Array)
#21 D:\tmp\ourshow\vendor\laravel\framework\src\Illuminate\Foundation\Application.php(587): Illuminate\Foundation\Application->bootApplication()
#22 D:\tmp\ourshow\vendor\laravel\framework\src\Illuminate\Console\Application.php(44): Illuminate\Foundation\Application->boot()
#23 D:\tmp\ourshow\vendor\laravel\framework\src\Illuminate\Console\Application.php(33): Illuminate\Console\Application::make(Object(Illuminate\Foundation\Application))
#24 D:\tmp\ourshow\artisan(46): Illuminate\Console\Application::start(Object(Illuminate\Foundation\Application))
#25 {main} [] []
[2015-05-13 11:44:58] production.ERROR: exception 'PDOException' with message 'could not find driver' in D:\tmp\ourshow\vendor\laravel\framework\src\Illuminate\Database\Connectors\Connector.php:47
Stack trace:
#0 D:\tmp\ourshow\vendor\laravel\framework\src\Illuminate\Database\Connectors\Connector.php(47): PDO->__construct('mysql:host=127....', 'root', '', Array)
#1 D:\tmp\ourshow\vendor\laravel\framework\src\Illuminate\Database\Connectors\MySqlConnector.php(20): Illuminate\Database\Connectors\Connector->createConnection('mysql:host=127....', Array, Array)
#2 D:\tmp\ourshow\vendor\laravel\framework\src\Illuminate\Database\Connectors\ConnectionFactory.php(57): Illuminate\Database\Connectors\MySqlConnector->connect(Array)
#3 D:\tmp\ourshow\vendor\laravel\framework\src\Illuminate\Database\Connectors\ConnectionFactory.php(46): Illuminate\Database\Connectors\ConnectionFactory->createSingleConnection(Array)
#4 D:\tmp\ourshow\vendor\laravel\framework\src\Illuminate\Database\DatabaseManager.php(176): Illuminate\Database\Connectors\ConnectionFactory->make(Array, 'mysql')
#5 D:\tmp\ourshow\vendor\laravel\framework\src\Illuminate\Database\DatabaseManager.php(64): Illuminate\Database\DatabaseManager->makeConnection('mysql')
#6 D:\tmp\ourshow\vendor\laravel\framework\src\Illuminate\Support\Facades\Schema.php(26): Illuminate\Database\DatabaseManager->connection()
#7 D:\tmp\ourshow\vendor\laravel\framework\src\Illuminate\Support\Facades\Facade.php(116): Illuminate\Support\Facades\Schema::getFacadeAccessor()
#8 D:\tmp\ourshow\vendor\laravel\framework\src\Illuminate\Support\Facades\Facade.php(200): Illuminate\Support\Facades\Facade::getFacadeRoot()
#9 D:\tmp\ourshow\app\controllers\MainFrameController.php(98): Illuminate\Support\Facades\Facade::__callStatic('hasTable', Array)
#10 D:\tmp\ourshow\app\controllers\MainFrameController.php(98): Illuminate\Support\Facades\Schema::hasTable('tb_menus')
#11 D:\tmp\ourshow\app\routes.php(154): MainFrameController::getMenuidByRoute('/network/workmo...')
#12 [internal function]: {closure}(Object(Illuminate\Routing\Router))
#13 D:\tmp\ourshow\vendor\laravel\framework\src\Illuminate\Routing\Router.php(691): call_user_func(Object(Closure), Object(Illuminate\Routing\Router))
#14 D:\tmp\ourshow\vendor\laravel\framework\src\Illuminate\Support\Facades\Facade.php(211): Illuminate\Routing\Router->group(Array, Object(Closure))
#15 D:\tmp\ourshow\app\routes.php(1225): Illuminate\Support\Facades\Facade::__callStatic('group', Array)
#16 D:\tmp\ourshow\app\routes.php(1225): Illuminate\Support\Facades\Route::group(Array, Object(Closure))
#17 D:\tmp\ourshow\vendor\laravel\framework\src\Illuminate\Foundation\start.php(269): require('D:\\tmp\\ourshow\\...')
#18 [internal function]: {closure}(Object(Illuminate\Foundation\Application))
#19 D:\tmp\ourshow\vendor\laravel\framework\src\Illuminate\Foundation\Application.php(830): call_user_func(Object(Closure), Object(Illuminate\Foundation\Application))
#20 D:\tmp\ourshow\vendor\laravel\framework\src\Illuminate\Foundation\Application.php(604): Illuminate\Foundation\Application->fireAppCallbacks(Array)
#21 D:\tmp\ourshow\vendor\laravel\framework\src\Illuminate\Foundation\Application.php(587): Illuminate\Foundation\Application->bootApplication()
#22 D:\tmp\ourshow\vendor\laravel\framework\src\Illuminate\Console\Application.php(44): Illuminate\Foundation\Application->boot()
#23 D:\tmp\ourshow\vendor\laravel\framework\src\Illuminate\Console\Application.php(33): Illuminate\Console\Application::make(Object(Illuminate\Foundation\Application))
#24 D:\tmp\ourshow\artisan(46): Illuminate\Console\Application::start(Object(Illuminate\Foundation\Application))
#25 {main} [] []
[2015-05-13 11:48:33] production.ERROR: exception 'PDOException' with message 'could not find driver' in D:\tmp\ourshow\vendor\laravel\framework\src\Illuminate\Database\Connectors\Connector.php:47
Stack trace:
#0 D:\tmp\ourshow\vendor\laravel\framework\src\Illuminate\Database\Connectors\Connector.php(47): PDO->__construct('mysql:host=127....', 'root', '', Array)
#1 D:\tmp\ourshow\vendor\laravel\framework\src\Illuminate\Database\Connectors\MySqlConnector.php(20): Illuminate\Database\Connectors\Connector->createConnection('mysql:host=127....', Array, Array)
#2 D:\tmp\ourshow\vendor\laravel\framework\src\Illuminate\Database\Connectors\ConnectionFactory.php(57): Illuminate\Database\Connectors\MySqlConnector->connect(Array)
#3 D:\tmp\ourshow\vendor\laravel\framework\src\Illuminate\Database\Connectors\ConnectionFactory.php(46): Illuminate\Database\Connectors\ConnectionFactory->createSingleConnection(Array)
#4 D:\tmp\ourshow\vendor\laravel\framework\src\Illuminate\Database\DatabaseManager.php(176): Illuminate\Database\Connectors\ConnectionFactory->make(Array, 'mysql')
#5 D:\tmp\ourshow\vendor\laravel\framework\src\Illuminate\Database\DatabaseManager.php(64): Illuminate\Database\DatabaseManager->makeConnection('mysql')
#6 D:\tmp\ourshow\vendor\laravel\framework\src\Illuminate\Support\Facades\Schema.php(26): Illuminate\Database\DatabaseManager->connection()
#7 D:\tmp\ourshow\vendor\laravel\framework\src\Illuminate\Support\Facades\Facade.php(116): Illuminate\Support\Facades\Schema::getFacadeAccessor()
#8 D:\tmp\ourshow\vendor\laravel\framework\src\Illuminate\Support\Facades\Facade.php(200): Illuminate\Support\Facades\Facade::getFacadeRoot()
#9 D:\tmp\ourshow\app\controllers\MainFrameController.php(98): Illuminate\Support\Facades\Facade::__callStatic('hasTable', Array)
#10 D:\tmp\ourshow\app\controllers\MainFrameController.php(98): Illuminate\Support\Facades\Schema::hasTable('tb_menus')
#11 D:\tmp\ourshow\app\routes.php(154): MainFrameController::getMenuidByRoute('/network/workmo...')
#12 [internal function]: {closure}(Object(Illuminate\Routing\Router))
#13 D:\tmp\ourshow\vendor\laravel\framework\src\Illuminate\Routing\Router.php(691): call_user_func(Object(Closure), Object(Illuminate\Routing\Router))
#14 D:\tmp\ourshow\vendor\laravel\framework\src\Illuminate\Support\Facades\Facade.php(211): Illuminate\Routing\Router->group(Array, Object(Closure))
#15 D:\tmp\ourshow\app\routes.php(1225): Illuminate\Support\Facades\Facade::__callStatic('group', Array)
#16 D:\tmp\ourshow\app\routes.php(1225): Illuminate\Support\Facades\Route::group(Array, Object(Closure))
#17 D:\tmp\ourshow\vendor\laravel\framework\src\Illuminate\Foundation\start.php(269): require('D:\\tmp\\ourshow\\...')
#18 [internal function]: {closure}(Object(Illuminate\Foundation\Application))
#19 D:\tmp\ourshow\vendor\laravel\framework\src\Illuminate\Foundation\Application.php(830): call_user_func(Object(Closure), Object(Illuminate\Foundation\Application))
#20 D:\tmp\ourshow\vendor\laravel\framework\src\Illuminate\Foundation\Application.php(604): Illuminate\Foundation\Application->fireAppCallbacks(Array)
#21 D:\tmp\ourshow\vendor\laravel\framework\src\Illuminate\Foundation\Application.php(587): Illuminate\Foundation\Application->bootApplication()
#22 D:\tmp\ourshow\vendor\laravel\framework\src\Illuminate\Console\Application.php(44): Illuminate\Foundation\Application->boot()
#23 D:\tmp\ourshow\vendor\laravel\framework\src\Illuminate\Console\Application.php(33): Illuminate\Console\Application::make(Object(Illuminate\Foundation\Application))
#24 D:\tmp\ourshow\artisan(46): Illuminate\Console\Application::start(Object(Illuminate\Foundation\Application))
#25 {main} [] []
[2015-05-13 11:48:34] production.ERROR: exception 'PDOException' with message 'could not find driver' in D:\tmp\ourshow\vendor\laravel\framework\src\Illuminate\Database\Connectors\Connector.php:47
Stack trace:
#0 D:\tmp\ourshow\vendor\laravel\framework\src\Illuminate\Database\Connectors\Connector.php(47): PDO->__construct('mysql:host=127....', 'root', '', Array)
#1 D:\tmp\ourshow\vendor\laravel\framework\src\Illuminate\Database\Connectors\MySqlConnector.php(20): Illuminate\Database\Connectors\Connector->createConnection('mysql:host=127....', Array, Array)
#2 D:\tmp\ourshow\vendor\laravel\framework\src\Illuminate\Database\Connectors\ConnectionFactory.php(57): Illuminate\Database\Connectors\MySqlConnector->connect(Array)
#3 D:\tmp\ourshow\vendor\laravel\framework\src\Illuminate\Database\Connectors\ConnectionFactory.php(46): Illuminate\Database\Connectors\ConnectionFactory->createSingleConnection(Array)
#4 D:\tmp\ourshow\vendor\laravel\framework\src\Illuminate\Database\DatabaseManager.php(176): Illuminate\Database\Connectors\ConnectionFactory->make(Array, 'mysql')
#5 D:\tmp\ourshow\vendor\laravel\framework\src\Illuminate\Database\DatabaseManager.php(64): Illuminate\Database\DatabaseManager->makeConnection('mysql')
#6 D:\tmp\ourshow\vendor\laravel\framework\src\Illuminate\Support\Facades\Schema.php(26): Illuminate\Database\DatabaseManager->connection()
#7 D:\tmp\ourshow\vendor\laravel\framework\src\Illuminate\Support\Facades\Facade.php(116): Illuminate\Support\Facades\Schema::getFacadeAccessor()
#8 D:\tmp\ourshow\vendor\laravel\framework\src\Illuminate\Support\Facades\Facade.php(200): Illuminate\Support\Facades\Facade::getFacadeRoot()
#9 D:\tmp\ourshow\app\controllers\MainFrameController.php(98): Illuminate\Support\Facades\Facade::__callStatic('hasTable', Array)
#10 D:\tmp\ourshow\app\controllers\MainFrameController.php(98): Illuminate\Support\Facades\Schema::hasTable('tb_menus')
#11 D:\tmp\ourshow\app\routes.php(154): MainFrameController::getMenuidByRoute('/network/workmo...')
#12 [internal function]: {closure}(Object(Illuminate\Routing\Router))
#13 D:\tmp\ourshow\vendor\laravel\framework\src\Illuminate\Routing\Router.php(691): call_user_func(Object(Closure), Object(Illuminate\Routing\Router))
#14 D:\tmp\ourshow\vendor\laravel\framework\src\Illuminate\Support\Facades\Facade.php(211): Illuminate\Routing\Router->group(Array, Object(Closure))
#15 D:\tmp\ourshow\app\routes.php(1225): Illuminate\Support\Facades\Facade::__callStatic('group', Array)
#16 D:\tmp\ourshow\app\routes.php(1225): Illuminate\Support\Facades\Route::group(Array, Object(Closure))
#17 D:\tmp\ourshow\vendor\laravel\framework\src\Illuminate\Foundation\start.php(269): require('D:\\tmp\\ourshow\\...')
#18 [internal function]: {closure}(Object(Illuminate\Foundation\Application))
#19 D:\tmp\ourshow\vendor\laravel\framework\src\Illuminate\Foundation\Application.php(830): call_user_func(Object(Closure), Object(Illuminate\Foundation\Application))
#20 D:\tmp\ourshow\vendor\laravel\framework\src\Illuminate\Foundation\Application.php(604): Illuminate\Foundation\Application->fireAppCallbacks(Array)
#21 D:\tmp\ourshow\vendor\laravel\framework\src\Illuminate\Foundation\Application.php(587): Illuminate\Foundation\Application->bootApplication()
#22 D:\tmp\ourshow\vendor\laravel\framework\src\Illuminate\Console\Application.php(44): Illuminate\Foundation\Application->boot()
#23 D:\tmp\ourshow\vendor\laravel\framework\src\Illuminate\Console\Application.php(33): Illuminate\Console\Application::make(Object(Illuminate\Foundation\Application))
#24 D:\tmp\ourshow\artisan(46): Illuminate\Console\Application::start(Object(Illuminate\Foundation\Application))
#25 {main} [] []
[2015-05-13 11:51:24] production.ERROR: exception 'ErrorException' with message 'include(D:\tmp\ourshow/app/controllers/login/LoginController.php): failed to open stream: No such file or directory' in D:\tmp\ourshow\vendor\composer\ClassLoader.php:385
Stack trace:
#0 D:\tmp\ourshow\vendor\composer\ClassLoader.php(385): Illuminate\Exception\Handler->handleError(2, 'include(D:\\tmp\\...', 'D:\\tmp\\ourshow\\...', 385, Array)
#1 D:\tmp\ourshow\vendor\composer\ClassLoader.php(385): Composer\Autoload\includeFile()
#2 D:\tmp\ourshow\vendor\composer\ClassLoader.php(277): Composer\Autoload\includeFile('D:\\tmp\\ourshow/...')
#3 [internal function]: Composer\Autoload\ClassLoader->loadClass('LoginController')
#4 [internal function]: spl_autoload_call('LoginController')
#5 D:\tmp\ourshow\vendor\laravel\framework\src\Illuminate\Container\Container.php(504): ReflectionClass->__construct('LoginController')
#6 D:\tmp\ourshow\vendor\laravel\framework\src\Illuminate\Container\Container.php(428): Illuminate\Container\Container->build('LoginController', Array)
#7 D:\tmp\ourshow\vendor\laravel\framework\src\Illuminate\Foundation\Application.php(462): Illuminate\Container\Container->make('LoginController', Array)
#8 D:\tmp\ourshow\vendor\laravel\framework\src\Illuminate\Routing\ControllerDispatcher.php(78): Illuminate\Foundation\Application->make('LoginController')
#9 D:\tmp\ourshow\vendor\laravel\framework\src\Illuminate\Routing\ControllerDispatcher.php(51): Illuminate\Routing\ControllerDispatcher->makeController('LoginController')
#10 D:\tmp\ourshow\vendor\laravel\framework\src\Illuminate\Routing\Router.php(962): Illuminate\Routing\ControllerDispatcher->dispatch(Object(Illuminate\Routing\Route), Object(Illuminate\Http\Request), 'LoginController', 'login')
#11 [internal function]: Illuminate\Routing\Router->Illuminate\Routing\{closure}()
#12 D:\tmp\ourshow\vendor\laravel\framework\src\Illuminate\Routing\Route.php(109): call_user_func_array(Object(Closure), Array)
#13 D:\tmp\ourshow\vendor\laravel\framework\src\Illuminate\Routing\Router.php(1028): Illuminate\Routing\Route->run(Object(Illuminate\Http\Request))
#14 D:\tmp\ourshow\vendor\laravel\framework\src\Illuminate\Routing\Router.php(996): Illuminate\Routing\Router->dispatchToRoute(Object(Illuminate\Http\Request))
#15 D:\tmp\ourshow\vendor\laravel\framework\src\Illuminate\Foundation\Application.php(775): Illuminate\Routing\Router->dispatch(Object(Illuminate\Http\Request))
#16 D:\tmp\ourshow\vendor\laravel\framework\src\Illuminate\Foundation\Application.php(745): Illuminate\Foundation\Application->dispatch(Object(Illuminate\Http\Request))
#17 D:\tmp\ourshow\vendor\laravel\framework\src\Illuminate\Session\Middleware.php(72): Illuminate\Foundation\Application->handle(Object(Illuminate\Http\Request), 1, true)
#18 D:\tmp\ourshow\vendor\laravel\framework\src\Illuminate\Cookie\Queue.php(47): Illuminate\Session\Middleware->handle(Object(Illuminate\Http\Request), 1, true)
#19 D:\tmp\ourshow\vendor\laravel\framework\src\Illuminate\Cookie\Guard.php(51): Illuminate\Cookie\Queue->handle(Object(Illuminate\Http\Request), 1, true)
#20 D:\tmp\ourshow\vendor\stack\builder\src\Stack\StackedHttpKernel.php(23): Illuminate\Cookie\Guard->handle(Object(Illuminate\Http\Request), 1, true)
#21 D:\tmp\ourshow\vendor\laravel\framework\src\Illuminate\Foundation\Application.php(641): Stack\StackedHttpKernel->handle(Object(Illuminate\Http\Request))
#22 D:\tmp\ourshow\public\index.php(49): Illuminate\Foundation\Application->run()
#23 {main} [] []
